[ 2019-09-11T10:48:46+08:00 ] ::1 /LySoft_RC/Public/js/rc-sxthtj.js
INFO: [ app_init ] --START--
INFO: Run Behavior\BuildLiteBehavior [ RunTime:0.000000s ]
INFO: [ app_init ] --END-- [ RunTime:0.000977s ]
ERR: 无法加载模块:Public

[ 2019-09-11T11:35:11+08:00 ] ::1 /LySoft_RC/Public/js/rc-sxxsddtj.js
INFO: [ app_init ] --START--
INFO: Run Behavior\BuildLiteBehavior [ RunTime:0.000000s ]
INFO: [ app_init ] --END-- [ RunTime:0.000000s ]
ERR: 无法加载模块:Public

[ 2019-09-11T13:17:42+08:00 ] ::1 /LySoft_RC/Public/css/rc-xskdtj.css
INFO: [ app_init ] --START--
INFO: Run Behavior\BuildLiteBehavior [ RunTime:0.000000s ]
INFO: [ app_init ] --END-- [ RunTime:0.000976s ]
ERR: 无法加载模块:Public

[ 2019-09-11T13:22:02+08:00 ] ::1 /LySoft_RC/index.php/Homejh/rcsxxskdtjcx
INFO: [ app_init ] --START--
INFO: Run Behavior\BuildLiteBehavior [ RunTime:0.000000s ]
INFO: [ app_init ] --END-- [ RunTime:0.000976s ]
ERR: 无法加载模块:Homejh

[ 2019-09-11T14:08:20+08:00 ] ::1 /LySoft_RC/Public/js/rc-sxxsthtj.js
INFO: [ app_init ] --START--
INFO: Run Behavior\BuildLiteBehavior [ RunTime:0.000000s ]
INFO: [ app_init ] --END-- [ RunTime:0.000977s ]
ERR: 无法加载模块:Public

[ 2019-09-11T14:49:48+08:00 ] ::1 /LySoft_RC/Public/js/rc-scqk-main.min.js
INFO: [ app_init ] --START--
INFO: Run Behavior\BuildLiteBehavior [ RunTime:0.000000s ]
INFO: [ app_init ] --END-- [ RunTime:0.000977s ]
ERR: 无法加载模块:Public

[ 2019-09-11T14:49:48+08:00 ] ::1 /LySoft_RC/Public/js/rc-scqk-main.min.js
INFO: [ app_init ] --START--
INFO: Run Behavior\BuildLiteBehavior [ RunTime:0.000000s ]
INFO: [ app_init ] --END-- [ RunTime:0.000976s ]
ERR: 无法加载模块:Public

[ 2019-09-11T14:50:01+08:00 ] ::1 /LySoft_RC/Public/js/rc-scqk-main.min.js
INFO: [ app_init ] --START--
INFO: Run Behavior\BuildLiteBehavior [ RunTime:0.000000s ]
INFO: [ app_init ] --END-- [ RunTime:0.000976s ]
ERR: 无法加载模块:Public

[ 2019-09-11T14:51:13+08:00 ] ::1 /LySoft_RC/Public/js/rc-scqk-main.min.js
INFO: [ app_init ] --START--
INFO: Run Behavior\BuildLiteBehavior [ RunTime:0.000000s ]
INFO: [ app_init ] --END-- [ RunTime:0.000000s ]
ERR: 无法加载模块:Public

[ 2019-09-11T14:51:27+08:00 ] ::1 /LySoft_RC/Public/js/rc-scqk-main.min.js
INFO: [ app_init ] --START--
INFO: Run Behavior\BuildLiteBehavior [ RunTime:0.000000s ]
INFO: [ app_init ] --END-- [ RunTime:0.000977s ]
ERR: 无法加载模块:Public

[ 2019-09-11T14:52:10+08:00 ] ::1 /LySoft_RC/Public/js/rc-scqk-main.min.js
INFO: [ app_init ] --START--
INFO: Run Behavior\BuildLiteBehavior [ RunTime:0.000000s ]
INFO: [ app_init ] --END-- [ RunTime:0.000976s ]
ERR: 无法加载模块:Public

[ 2019-09-11T14:52:32+08:00 ] ::1 /LySoft_RC/Public/js/rc-scqk-main.min.js
INFO: [ app_init ] --START--
INFO: Run Behavior\BuildLiteBehavior [ RunTime:0.000000s ]
INFO: [ app_init ] --END-- [ RunTime:0.000976s ]
ERR: 无法加载模块:Public

[ 2019-09-11T15:03:30+08:00 ] ::1 /LySoft_RC/Public/js/rc-tlkdtj.js
INFO: [ app_init ] --START--
INFO: Run Behavior\BuildLiteBehavior [ RunTime:0.000000s ]
INFO: [ app_init ] --END-- [ RunTime:0.000976s ]
ERR: 无法加载模块:Public

[ 2019-09-11T15:03:30+08:00 ] ::1 /LySoft_RC/Public/js/rc-tlkdtj.js
INFO: [ app_init ] --START--
INFO: Run Behavior\BuildLiteBehavior [ RunTime:0.000000s ]
INFO: [ app_init ] --END-- [ RunTime:0.000976s ]
ERR: 无法加载模块:Public

[ 2019-09-11T17:17:59+08:00 ] ::1 /LySoft_RC/Public/js/rc-wflhqk.js
INFO: [ app_init ] --START--
INFO: Run Behavior\BuildLiteBehavior [ RunTime:0.000000s ]
INFO: [ app_init ] --END-- [ RunTime:0.003906s ]
ERR: 无法加载模块:Public

[ 2019-09-11T17:17:59+08:00 ] ::1 /LySoft_RC/Public/js/rc-wflhqk.js
INFO: [ app_init ] --START--
INFO: Run Behavior\BuildLiteBehavior [ RunTime:0.000000s ]
INFO: [ app_init ] --END-- [ RunTime:0.000976s ]
ERR: 无法加载模块:Public

[ 2019-09-11T17:19:27+08:00 ] ::1 /LySoft_RC/Public/images/white-icon-khmz.png
INFO: [ app_init ] --START--
INFO: Run Behavior\BuildLiteBehavior [ RunTime:0.000000s ]
INFO: [ app_init ] --END-- [ RunTime:0.000977s ]
ERR: 无法加载模块:Public

