[ 2019-08-22T10:02:12+08:00 ] 192.168.8.235 /LYSoft_RC/index.php/Home/
INFO: [ app_init ] --START--
INFO: Run Behavior\BuildLiteBehavior [ RunTime:0.000000s ]
INFO: [ app_init ] --END-- [ RunTime:0.000976s ]
INFO: [ app_begin ] --START--
INFO: Run Behavior\ReadHtmlCacheBehavior [ RunTime:0.001953s ]
INFO: [ app_begin ] --END-- [ RunTime:0.001953s ]
INFO: [ view_parse ] --START--
INFO: [ template_filter ] --START--
INFO: Run Behavior\ContentReplaceBehavior [ RunTime:0.000000s ]
INFO: [ template_filter ] --END-- [ RunTime:0.000000s ]
INFO: Run Behavior\ParseTemplateBehavior [ RunTime:0.012695s ]
INFO: [ view_parse ] --END-- [ RunTime:0.012695s ]
INFO: [ view_filter ] --START--
INFO: Run Behavior\WriteHtmlCacheBehavior [ RunTime:0.000977s ]
INFO: [ view_filter ] --END-- [ RunTime:0.001953s ]
INFO: [ app_end ] --START--
INFO: Run Behavior\ShowPageTraceBehavior [ RunTime:0.000977s ]
INFO: [ app_end ] --END-- [ RunTime:0.000977s ]

[ 2019-08-22T10:02:33+08:00 ] 192.168.8.235 /LYSoft_RC/index.php/Home/Jh/rcddfhqkcx
INFO: [ app_init ] --START--
INFO: Run Behavior\BuildLiteBehavior [ RunTime:0.000000s ]
INFO: [ app_init ] --END-- [ RunTime:0.000000s ]
INFO: [ app_begin ] --START--
INFO: Run Behavior\ReadHtmlCacheBehavior [ RunTime:0.000976s ]
INFO: [ app_begin ] --END-- [ RunTime:0.000976s ]
SQL: select khbh,khmc,ckmc,lsdh as lsh,rq,a.dh as kddh,bh,pm,gg,dj,je,dw,ysmc as ys,sl as dgzl,ps as dgps,b.bz as jlbz,a.bz as djbz,jd,yyps as fhps,yysl as fhzl,(sl-yysl) as wfzl from cpxsdd_dj a,cpxsdd_jl b
where a.dh=b.dh  [ RunTime:0.0225s ]

[ 2019-08-22T10:03:37+08:00 ] 192.168.8.235 /LYSoft_RC/index.php/Home/Jh/rcddfhqkcx
INFO: [ app_init ] --START--
INFO: Run Behavior\BuildLiteBehavior [ RunTime:0.000977s ]
INFO: [ app_init ] --END-- [ RunTime:0.000977s ]
INFO: [ app_begin ] --START--
INFO: Run Behavior\ReadHtmlCacheBehavior [ RunTime:0.000976s ]
INFO: [ app_begin ] --END-- [ RunTime:0.000976s ]
SQL: select khbh,khmc,ckmc,lsdh as lsh,rq,a.dh as kddh,bh,pm,gg,dj,je,dw,ysmc as ys,sl as dgzl,ps as dgps,b.bz as jlbz,a.bz as djbz,jd,yyps as fhps,yysl as fhzl,(sl-yysl) as wfzl from cpxsdd_dj a,cpxsdd_jl b
where a.dh=b.dh  [ RunTime:0.0020s ]

