[ 2019-10-15T13:17:33+08:00 ] 192.168.8.231 /LYSoft_rc/index.php/home/Jxc/cxcpxsfhwsh
INFO: [ app_init ] --START--
INFO: Run Behavior\BuildLiteBehavior [ RunTime:0.000000s ]
INFO: [ app_init ] --END-- [ RunTime:0.000976s ]
INFO: [ app_begin ] --START--
INFO: Run Behavior\ReadHtmlCacheBehavior [ RunTime:0.002930s ]
INFO: [ app_begin ] --END-- [ RunTime:0.002930s ]
SQL: select * from cpxsfh_dj where  sh=0 and rq between '2019-10-15 00:00:00' and '2019-10-15 23:59:59' [ RunTime:0.0156s ]

[ 2019-10-15T13:23:06+08:00 ] 192.168.8.231 /LYSoft_rc/index.php/home/Jxc/cxcpxsfhwsh
INFO: [ app_init ] --START--
INFO: Run Behavior\BuildLiteBehavior [ RunTime:0.000000s ]
INFO: [ app_init ] --END-- [ RunTime:0.000977s ]
INFO: [ app_begin ] --START--
INFO: Run Behavior\ReadHtmlCacheBehavior [ RunTime:0.000976s ]
INFO: [ app_begin ] --END-- [ RunTime:0.001953s ]
SQL: select * from cpxsfh_dj where  sh=0 and rq between '2019-10-14 00:00:00' and '2019-10-14 23:59:59' [ RunTime:0.0020s ]

[ 2019-10-15T13:23:07+08:00 ] 192.168.8.231 /LYSoft_rc/index.php/home/Jxc/cxcpxsfhwsh
INFO: [ app_init ] --START--
INFO: Run Behavior\BuildLiteBehavior [ RunTime:0.000000s ]
INFO: [ app_init ] --END-- [ RunTime:0.000977s ]
INFO: [ app_begin ] --START--
INFO: Run Behavior\ReadHtmlCacheBehavior [ RunTime:0.001953s ]
INFO: [ app_begin ] --END-- [ RunTime:0.001953s ]
SQL: select * from cpxsfh_dj where  sh=0 and rq between '2019-10-14 00:00:00' and '2019-10-20 23:59:59' [ RunTime:0.0020s ]

[ 2019-10-15T13:23:09+08:00 ] 192.168.8.231 /LYSoft_rc/index.php/home/Jxc/cxcpxsfhwsh
INFO: [ app_init ] --START--
INFO: Run Behavior\BuildLiteBehavior [ RunTime:0.000000s ]
INFO: [ app_init ] --END-- [ RunTime:0.000976s ]
INFO: [ app_begin ] --START--
INFO: Run Behavior\ReadHtmlCacheBehavior [ RunTime:0.000977s ]
INFO: [ app_begin ] --END-- [ RunTime:0.000977s ]
SQL: select * from cpxsfh_dj where  sh=0 and rq between '2019-10-15 00:00:00' and '2019-10-15 23:59:59' [ RunTime:0.0020s ]

[ 2019-10-15T13:23:10+08:00 ] 192.168.8.231 /LYSoft_rc/index.php/home/Jxc/cxcpxsfhwsh
INFO: [ app_init ] --START--
INFO: Run Behavior\BuildLiteBehavior [ RunTime:0.000000s ]
INFO: [ app_init ] --END-- [ RunTime:0.000977s ]
INFO: [ app_begin ] --START--
INFO: Run Behavior\ReadHtmlCacheBehavior [ RunTime:0.000977s ]
INFO: [ app_begin ] --END-- [ RunTime:0.000977s ]
SQL: select * from cpxsfh_dj where  sh=0 and rq between '2019-10-14 00:00:00' and '2019-10-20 23:59:59' [ RunTime:0.0010s ]

[ 2019-10-15T13:23:11+08:00 ] 192.168.8.231 /LYSoft_rc/index.php/home/Jxc/cxcpxsfhwsh
INFO: [ app_init ] --START--
INFO: Run Behavior\BuildLiteBehavior [ RunTime:0.000000s ]
INFO: [ app_init ] --END-- [ RunTime:0.000976s ]
INFO: [ app_begin ] --START--
INFO: Run Behavior\ReadHtmlCacheBehavior [ RunTime:0.000977s ]
INFO: [ app_begin ] --END-- [ RunTime:0.000977s ]
SQL: select * from cpxsfh_dj where  sh=0 and rq between '2019-10-15 00:00:00' and '2019-10-15 23:59:59' [ RunTime:0.0020s ]

[ 2019-10-15T13:23:12+08:00 ] 192.168.8.231 /LYSoft_rc/index.php/home/Jxc/cxcpxsfhwsh
INFO: [ app_init ] --START--
INFO: Run Behavior\BuildLiteBehavior [ RunTime:0.000000s ]
INFO: [ app_init ] --END-- [ RunTime:0.000977s ]
INFO: [ app_begin ] --START--
INFO: Run Behavior\ReadHtmlCacheBehavior [ RunTime:0.000977s ]
INFO: [ app_begin ] --END-- [ RunTime:0.000977s ]
SQL: select * from cpxsfh_dj where  sh=0 and rq between '2019-10-14 00:00:00' and '2019-10-14 23:59:59' [ RunTime:0.0020s ]

[ 2019-10-15T13:23:12+08:00 ] 192.168.8.231 /LYSoft_rc/index.php/home/Jxc/cxcpxsfhwsh
INFO: [ app_init ] --START--
INFO: Run Behavior\BuildLiteBehavior [ RunTime:0.000000s ]
INFO: [ app_init ] --END-- [ RunTime:0.000976s ]
INFO: [ app_begin ] --START--
INFO: Run Behavior\ReadHtmlCacheBehavior [ RunTime:0.000977s ]
INFO: [ app_begin ] --END-- [ RunTime:0.000977s ]
SQL: select * from cpxsfh_dj where  sh=0 and rq between '2019-10-14 00:00:00' and '2019-10-20 23:59:59' [ RunTime:0.0020s ]

[ 2019-10-15T13:27:42+08:00 ] 192.168.8.231 /LYSoft_rc/index.php/home/Index/cxkh
INFO: [ app_init ] --START--
INFO: Run Behavior\BuildLiteBehavior [ RunTime:0.000000s ]
INFO: [ app_init ] --END-- [ RunTime:0.000977s ]
INFO: [ app_begin ] --START--
INFO: Run Behavior\ReadHtmlCacheBehavior [ RunTime:0.000977s ]
INFO: [ app_begin ] --END-- [ RunTime:0.000977s ]
SQL: select khmc from dakhda where sfty=0 [ RunTime:0.0088s ]

[ 2019-10-15T13:27:46+08:00 ] 192.168.8.231 /LYSoft_rc/index.php/home/Index/cxkh
INFO: [ app_init ] --START--
INFO: Run Behavior\BuildLiteBehavior [ RunTime:0.000000s ]
INFO: [ app_init ] --END-- [ RunTime:0.000977s ]
INFO: [ app_begin ] --START--
INFO: Run Behavior\ReadHtmlCacheBehavior [ RunTime:0.000976s ]
INFO: [ app_begin ] --END-- [ RunTime:0.000976s ]
SQL: select khmc from dakhda where sfty=0 [ RunTime:0.0010s ]

[ 2019-10-15T13:27:50+08:00 ] 192.168.8.231 /LYSoft_rc/index.php/home/Index/cxkh
INFO: [ app_init ] --START--
INFO: Run Behavior\BuildLiteBehavior [ RunTime:0.000000s ]
INFO: [ app_init ] --END-- [ RunTime:0.000976s ]
INFO: [ app_begin ] --START--
INFO: Run Behavior\ReadHtmlCacheBehavior [ RunTime:0.000976s ]
INFO: [ app_begin ] --END-- [ RunTime:0.000976s ]
SQL: select khmc from dakhda where sfty=0 [ RunTime:0.0010s ]

[ 2019-10-15T13:28:53+08:00 ] 192.168.8.231 /LYSoft_rc/index.php/home/Jxc/cxcpxsfhysh
INFO: [ app_init ] --START--
INFO: Run Behavior\BuildLiteBehavior [ RunTime:0.000000s ]
INFO: [ app_init ] --END-- [ RunTime:0.000976s ]
INFO: [ app_begin ] --START--
INFO: Run Behavior\ReadHtmlCacheBehavior [ RunTime:0.000976s ]
INFO: [ app_begin ] --END-- [ RunTime:0.000976s ]
SQL: select * from cpxsfh_dj where  sh=1 and rq between '2019-10-15 00:00:00' and '2019-10-15 23:59:59' [ RunTime:0.0010s ]

[ 2019-10-15T13:28:54+08:00 ] 192.168.8.231 /LYSoft_rc/index.php/home/Jxc/cxcpxsfhyjd
INFO: [ app_init ] --START--
INFO: Run Behavior\BuildLiteBehavior [ RunTime:0.000000s ]
INFO: [ app_init ] --END-- [ RunTime:0.000976s ]
INFO: [ app_begin ] --START--
INFO: Run Behavior\ReadHtmlCacheBehavior [ RunTime:0.000976s ]
INFO: [ app_begin ] --END-- [ RunTime:0.000976s ]
SQL: select * from cpxsfh_dj where  jd=1 and rq between '2019-10-15 00:00:00' and '2019-10-15 23:59:59' [ RunTime:0.0020s ]

[ 2019-10-15T13:28:55+08:00 ] 192.168.8.231 /LYSoft_rc/index.php/home/Jxc/cxcpxsfhwsh
INFO: [ app_init ] --START--
INFO: Run Behavior\BuildLiteBehavior [ RunTime:0.000000s ]
INFO: [ app_init ] --END-- [ RunTime:0.000976s ]
INFO: [ app_begin ] --START--
INFO: Run Behavior\ReadHtmlCacheBehavior [ RunTime:0.000000s ]
INFO: [ app_begin ] --END-- [ RunTime:0.000976s ]
SQL: select * from cpxsfh_dj where  sh=0 and rq between '2019-10-15 00:00:00' and '2019-10-15 23:59:59' [ RunTime:0.0010s ]

[ 2019-10-15T13:28:55+08:00 ] 192.168.8.231 /LYSoft_rc/index.php/home/Jxc/cxcpxsfhysh
INFO: [ app_init ] --START--
INFO: Run Behavior\BuildLiteBehavior [ RunTime:0.000000s ]
INFO: [ app_init ] --END-- [ RunTime:0.000977s ]
INFO: [ app_begin ] --START--
INFO: Run Behavior\ReadHtmlCacheBehavior [ RunTime:0.001953s ]
INFO: [ app_begin ] --END-- [ RunTime:0.001953s ]
SQL: select * from cpxsfh_dj where  sh=1 and rq between '2019-10-15 00:00:00' and '2019-10-15 23:59:59' [ RunTime:0.0010s ]

[ 2019-10-15T13:28:56+08:00 ] 192.168.8.231 /LYSoft_rc/index.php/home/Jxc/cxcpxsfhyjd
INFO: [ app_init ] --START--
INFO: Run Behavior\BuildLiteBehavior [ RunTime:0.000000s ]
INFO: [ app_init ] --END-- [ RunTime:0.000976s ]
INFO: [ app_begin ] --START--
INFO: Run Behavior\ReadHtmlCacheBehavior [ RunTime:0.000000s ]
INFO: [ app_begin ] --END-- [ RunTime:0.000976s ]
SQL: select * from cpxsfh_dj where  jd=1 and rq between '2019-10-15 00:00:00' and '2019-10-15 23:59:59' [ RunTime:0.0020s ]

[ 2019-10-15T13:28:56+08:00 ] 192.168.8.231 /LYSoft_rc/index.php/home/Jxc/cxcpxsfhwsh
INFO: [ app_init ] --START--
INFO: Run Behavior\BuildLiteBehavior [ RunTime:0.000000s ]
INFO: [ app_init ] --END-- [ RunTime:0.000977s ]
INFO: [ app_begin ] --START--
INFO: Run Behavior\ReadHtmlCacheBehavior [ RunTime:0.000977s ]
INFO: [ app_begin ] --END-- [ RunTime:0.000977s ]
SQL: select * from cpxsfh_dj where  sh=0 and rq between '2019-10-15 00:00:00' and '2019-10-15 23:59:59' [ RunTime:0.0010s ]

[ 2019-10-15T13:28:59+08:00 ] 192.168.8.231 /LYSoft_rc/index.php/home/Jxc/cxcpxsfhysh
INFO: [ app_init ] --START--
INFO: Run Behavior\BuildLiteBehavior [ RunTime:0.000000s ]
INFO: [ app_init ] --END-- [ RunTime:0.000977s ]
INFO: [ app_begin ] --START--
INFO: Run Behavior\ReadHtmlCacheBehavior [ RunTime:0.000977s ]
INFO: [ app_begin ] --END-- [ RunTime:0.001953s ]
SQL: select * from cpxsfh_dj where  sh=1 and rq between '2019-10-15 00:00:00' and '2019-10-15 23:59:59' [ RunTime:0.0010s ]

[ 2019-10-15T13:29:01+08:00 ] 192.168.8.231 /LYSoft_rc/index.php/home/Jxc/cxcpxsfhwsh
INFO: [ app_init ] --START--
INFO: Run Behavior\BuildLiteBehavior [ RunTime:0.000000s ]
INFO: [ app_init ] --END-- [ RunTime:0.000976s ]
INFO: [ app_begin ] --START--
INFO: Run Behavior\ReadHtmlCacheBehavior [ RunTime:0.000977s ]
INFO: [ app_begin ] --END-- [ RunTime:0.000977s ]
SQL: select * from cpxsfh_dj where  sh=0 and rq between '2019-10-15 00:00:00' and '2019-10-15 23:59:59' [ RunTime:0.0020s ]

[ 2019-10-15T13:29:56+08:00 ] 192.168.8.231 /LYSoft_rc/index.php/home/Jxc/cxcpxsfhysh
INFO: [ app_init ] --START--
INFO: Run Behavior\BuildLiteBehavior [ RunTime:0.000000s ]
INFO: [ app_init ] --END-- [ RunTime:0.000976s ]
INFO: [ app_begin ] --START--
INFO: Run Behavior\ReadHtmlCacheBehavior [ RunTime:0.000977s ]
INFO: [ app_begin ] --END-- [ RunTime:0.000977s ]
SQL: select * from cpxsfh_dj where  sh=1 and rq between '2019-10-15 00:00:00' and '2019-10-15 23:59:59' [ RunTime:0.0010s ]

[ 2019-10-15T13:29:57+08:00 ] 192.168.8.231 /LYSoft_rc/index.php/home/Jxc/cxcpxsfhyjd
INFO: [ app_init ] --START--
INFO: Run Behavior\BuildLiteBehavior [ RunTime:0.000000s ]
INFO: [ app_init ] --END-- [ RunTime:0.000977s ]
INFO: [ app_begin ] --START--
INFO: Run Behavior\ReadHtmlCacheBehavior [ RunTime:0.000976s ]
INFO: [ app_begin ] --END-- [ RunTime:0.000976s ]
SQL: select * from cpxsfh_dj where  jd=1 and rq between '2019-10-15 00:00:00' and '2019-10-15 23:59:59' [ RunTime:0.0010s ]

[ 2019-10-15T13:29:57+08:00 ] 192.168.8.231 /LYSoft_rc/index.php/home/Jxc/cxcpxsfhwsh
INFO: [ app_init ] --START--
INFO: Run Behavior\BuildLiteBehavior [ RunTime:0.000000s ]
INFO: [ app_init ] --END-- [ RunTime:0.000976s ]
INFO: [ app_begin ] --START--
INFO: Run Behavior\ReadHtmlCacheBehavior [ RunTime:0.000977s ]
INFO: [ app_begin ] --END-- [ RunTime:0.000977s ]
SQL: select * from cpxsfh_dj where  sh=0 and rq between '2019-10-15 00:00:00' and '2019-10-15 23:59:59' [ RunTime:0.0010s ]

[ 2019-10-15T13:36:34+08:00 ] 192.168.8.231 /LYSoft_rc/index.php/home/Jxc/cxcpxsfhwsh
INFO: [ app_init ] --START--
INFO: Run Behavior\BuildLiteBehavior [ RunTime:0.000976s ]
INFO: [ app_init ] --END-- [ RunTime:0.000976s ]
INFO: [ app_begin ] --START--
INFO: Run Behavior\ReadHtmlCacheBehavior [ RunTime:0.001953s ]
INFO: [ app_begin ] --END-- [ RunTime:0.001953s ]
SQL: select * from cpxsfh_dj where  sh=0 and rq between '2019-10-14 00:00:00' and '2019-10-14 23:59:59' [ RunTime:0.0010s ]

[ 2019-10-15T13:36:35+08:00 ] 192.168.8.231 /LYSoft_rc/index.php/home/Jxc/cxcpxsfhwsh
INFO: [ app_init ] --START--
INFO: Run Behavior\BuildLiteBehavior [ RunTime:0.000000s ]
INFO: [ app_init ] --END-- [ RunTime:0.000977s ]
INFO: [ app_begin ] --START--
INFO: Run Behavior\ReadHtmlCacheBehavior [ RunTime:0.000000s ]
INFO: [ app_begin ] --END-- [ RunTime:0.000000s ]
SQL: select * from cpxsfh_dj where  sh=0 and rq between '2019-10-14 00:00:00' and '2019-10-20 23:59:59' [ RunTime:0.0020s ]

[ 2019-10-15T13:36:37+08:00 ] 192.168.8.231 /LYSoft_rc/index.php/home/Jxc/cxcpxsfhwsh
INFO: [ app_init ] --START--
INFO: Run Behavior\BuildLiteBehavior [ RunTime:0.000000s ]
INFO: [ app_init ] --END-- [ RunTime:0.000976s ]
INFO: [ app_begin ] --START--
INFO: Run Behavior\ReadHtmlCacheBehavior [ RunTime:0.000000s ]
INFO: [ app_begin ] --END-- [ RunTime:0.000000s ]
SQL: select * from cpxsfh_dj where  sh=0 and rq between '2018-10-14 00:00:00' and '2019-10-20 23:59:59' [ RunTime:0.0020s ]

[ 2019-10-15T13:36:45+08:00 ] 192.168.8.231 /LYSoft_rc/index.php/home/Jxc/cxcpxsfhmx
INFO: [ app_init ] --START--
INFO: Run Behavior\BuildLiteBehavior [ RunTime:0.000000s ]
INFO: [ app_init ] --END-- [ RunTime:0.000977s ]
INFO: [ app_begin ] --START--
INFO: Run Behavior\ReadHtmlCacheBehavior [ RunTime:0.000000s ]
INFO: [ app_begin ] --END-- [ RunTime:0.000976s ]
SQL: select id,gg,ysmc,pm,dw,sl,ps,yydh from cpxsfh_jl where dh='XSFH1909300001'  [ RunTime:0.0098s ]

[ 2019-10-15T13:37:08+08:00 ] 192.168.8.231 /LYSoft_rc/index.php/home/Jxc/cxcpxsfhmx
INFO: [ app_init ] --START--
INFO: Run Behavior\BuildLiteBehavior [ RunTime:0.000000s ]
INFO: [ app_init ] --END-- [ RunTime:0.000977s ]
INFO: [ app_begin ] --START--
INFO: Run Behavior\ReadHtmlCacheBehavior [ RunTime:0.000977s ]
INFO: [ app_begin ] --END-- [ RunTime:0.000977s ]
SQL: select id,gg,ysmc,pm,dw,sl,ps,yydh from cpxsfh_jl where dh='XSFH1909300042'  [ RunTime:0.0020s ]

[ 2019-10-15T13:37:13+08:00 ] 192.168.8.231 /LYSoft_rc/index.php/home/Jxc/cxcpxsfhmx
INFO: [ app_init ] --START--
INFO: Run Behavior\BuildLiteBehavior [ RunTime:0.000000s ]
INFO: [ app_init ] --END-- [ RunTime:0.000976s ]
INFO: [ app_begin ] --START--
INFO: Run Behavior\ReadHtmlCacheBehavior [ RunTime:0.000976s ]
INFO: [ app_begin ] --END-- [ RunTime:0.001953s ]
SQL: select id,gg,ysmc,pm,dw,sl,ps,yydh from cpxsfh_jl where dh='XSFH1909300007'  [ RunTime:0.0020s ]

[ 2019-10-15T13:37:21+08:00 ] 192.168.8.231 /LYSoft_rc/index.php/home/Jxc/cxcpxsfhwsh
INFO: [ app_init ] --START--
INFO: Run Behavior\BuildLiteBehavior [ RunTime:0.000000s ]
INFO: [ app_init ] --END-- [ RunTime:0.000977s ]
INFO: [ app_begin ] --START--
INFO: Run Behavior\ReadHtmlCacheBehavior [ RunTime:0.000976s ]
INFO: [ app_begin ] --END-- [ RunTime:0.000976s ]
SQL: select * from cpxsfh_dj where  sh=0 and rq between '2019-10-15 00:00:00' and '2019-10-15 23:59:59' [ RunTime:0.0020s ]

[ 2019-10-15T13:37:22+08:00 ] 192.168.8.231 /LYSoft_rc/index.php/home/Jxc/cxcpxsfhwsh
INFO: [ app_init ] --START--
INFO: Run Behavior\BuildLiteBehavior [ RunTime:0.000000s ]
INFO: [ app_init ] --END-- [ RunTime:0.000977s ]
INFO: [ app_begin ] --START--
INFO: Run Behavior\ReadHtmlCacheBehavior [ RunTime:0.000977s ]
INFO: [ app_begin ] --END-- [ RunTime:0.000977s ]
SQL: select * from cpxsfh_dj where  sh=0 and rq between '2019-10-14 00:00:00' and '2019-10-14 23:59:59' [ RunTime:0.0010s ]

[ 2019-10-15T13:37:23+08:00 ] 192.168.8.231 /LYSoft_rc/index.php/home/Jxc/cxcpxsfhwsh
INFO: [ app_init ] --START--
INFO: Run Behavior\BuildLiteBehavior [ RunTime:0.000000s ]
INFO: [ app_init ] --END-- [ RunTime:0.000976s ]
INFO: [ app_begin ] --START--
INFO: Run Behavior\ReadHtmlCacheBehavior [ RunTime:0.000976s ]
INFO: [ app_begin ] --END-- [ RunTime:0.000976s ]
SQL: select * from cpxsfh_dj where  sh=0 and rq between '2019-10-14 00:00:00' and '2019-10-20 23:59:59' [ RunTime:0.0020s ]

[ 2019-10-15T13:37:24+08:00 ] 192.168.8.231 /LYSoft_rc/index.php/home/Jxc/cxcpxsfhwsh
INFO: [ app_init ] --START--
INFO: Run Behavior\BuildLiteBehavior [ RunTime:0.000000s ]
INFO: [ app_init ] --END-- [ RunTime:0.000000s ]
INFO: [ app_begin ] --START--
INFO: Run Behavior\ReadHtmlCacheBehavior [ RunTime:0.000976s ]
INFO: [ app_begin ] --END-- [ RunTime:0.000976s ]
SQL: select * from cpxsfh_dj where  sh=0 and rq between '2019-10-14 00:00:00' and '2019-10-20 23:59:59' [ RunTime:0.0010s ]

[ 2019-10-15T13:37:29+08:00 ] 192.168.8.231 /LYSoft_rc/index.php/home/Jxc/cxcpxsfhwsh
INFO: [ app_init ] --START--
INFO: Run Behavior\BuildLiteBehavior [ RunTime:0.000000s ]
INFO: [ app_init ] --END-- [ RunTime:0.000977s ]
INFO: [ app_begin ] --START--
INFO: Run Behavior\ReadHtmlCacheBehavior [ RunTime:0.000000s ]
INFO: [ app_begin ] --END-- [ RunTime:0.000000s ]
SQL: select * from cpxsfh_dj where  sh=0 and rq between '2019-10-15 00:00:00' and '2019-10-15 23:59:59' [ RunTime:0.0020s ]

[ 2019-10-15T13:37:29+08:00 ] 192.168.8.231 /LYSoft_rc/index.php/home/Jxc/cxcpxsfhwsh
INFO: [ app_init ] --START--
INFO: Run Behavior\BuildLiteBehavior [ RunTime:0.000000s ]
INFO: [ app_init ] --END-- [ RunTime:0.000000s ]
INFO: [ app_begin ] --START--
INFO: Run Behavior\ReadHtmlCacheBehavior [ RunTime:0.000976s ]
INFO: [ app_begin ] --END-- [ RunTime:0.000976s ]
SQL: select * from cpxsfh_dj where  sh=0 and rq between '2019-10-14 00:00:00' and '2019-10-14 23:59:59' [ RunTime:0.0010s ]

[ 2019-10-15T13:37:30+08:00 ] 192.168.8.231 /LYSoft_rc/index.php/home/Jxc/cxcpxsfhwsh
INFO: [ app_init ] --START--
INFO: Run Behavior\BuildLiteBehavior [ RunTime:0.000000s ]
INFO: [ app_init ] --END-- [ RunTime:0.000977s ]
INFO: [ app_begin ] --START--
INFO: Run Behavior\ReadHtmlCacheBehavior [ RunTime:0.000977s ]
INFO: [ app_begin ] --END-- [ RunTime:0.000977s ]
SQL: select * from cpxsfh_dj where  sh=0 and rq between '2019-10-14 00:00:00' and '2019-10-20 23:59:59' [ RunTime:0.0010s ]

[ 2019-10-15T13:37:32+08:00 ] 192.168.8.231 /LYSoft_rc/index.php/home/Jxc/cxcpxsfhwsh
INFO: [ app_init ] --START--
INFO: Run Behavior\BuildLiteBehavior [ RunTime:0.000000s ]
INFO: [ app_init ] --END-- [ RunTime:0.000976s ]
INFO: [ app_begin ] --START--
INFO: Run Behavior\ReadHtmlCacheBehavior [ RunTime:0.000000s ]
INFO: [ app_begin ] --END-- [ RunTime:0.000000s ]
SQL: select * from cpxsfh_dj where  sh=0 and rq between '2019-10-14 00:00:00' and '2019-10-20 23:59:59' [ RunTime:0.0098s ]

[ 2019-10-15T13:37:35+08:00 ] 192.168.8.231 /LYSoft_rc/index.php/home/Jxc/cxcpxsfhwsh
INFO: [ app_init ] --START--
INFO: Run Behavior\BuildLiteBehavior [ RunTime:0.000000s ]
INFO: [ app_init ] --END-- [ RunTime:0.000977s ]
INFO: [ app_begin ] --START--
INFO: Run Behavior\ReadHtmlCacheBehavior [ RunTime:0.000976s ]
INFO: [ app_begin ] --END-- [ RunTime:0.000976s ]
SQL: select * from cpxsfh_dj where  sh=0 and rq between '2019-10-15 00:00:00' and '2019-10-15 23:59:59' [ RunTime:0.0020s ]

[ 2019-10-15T13:37:38+08:00 ] 192.168.8.231 /LYSoft_rc/index.php/home/Jxc/cxcpxsfhwsh
INFO: [ app_init ] --START--
INFO: Run Behavior\BuildLiteBehavior [ RunTime:0.000000s ]
INFO: [ app_init ] --END-- [ RunTime:0.000977s ]
INFO: [ app_begin ] --START--
INFO: Run Behavior\ReadHtmlCacheBehavior [ RunTime:0.000976s ]
INFO: [ app_begin ] --END-- [ RunTime:0.000976s ]
SQL: select * from cpxsfh_dj where  sh=0 and rq between '2019-10-15 00:00:00' and '2019-10-15 23:59:59' [ RunTime:0.0010s ]

[ 2019-10-15T13:37:49+08:00 ] 192.168.8.231 /LYSoft_rc/index.php/home/Jxc/cxcpxsfhwsh
INFO: [ app_init ] --START--
INFO: Run Behavior\BuildLiteBehavior [ RunTime:0.000000s ]
INFO: [ app_init ] --END-- [ RunTime:0.000977s ]
INFO: [ app_begin ] --START--
INFO: Run Behavior\ReadHtmlCacheBehavior [ RunTime:0.000976s ]
INFO: [ app_begin ] --END-- [ RunTime:0.000976s ]
SQL: select * from cpxsfh_dj where  sh=0 and rq between '2018-10-15 00:00:00' and '2019-10-15 23:59:59' [ RunTime:0.0010s ]

[ 2019-10-15T13:37:50+08:00 ] 192.168.8.231 /LYSoft_rc/index.php/home/Jxc/cxcpxsfhwsh
INFO: [ app_init ] --START--
INFO: Run Behavior\BuildLiteBehavior [ RunTime:0.000000s ]
INFO: [ app_init ] --END-- [ RunTime:0.000976s ]
INFO: [ app_begin ] --START--
INFO: Run Behavior\ReadHtmlCacheBehavior [ RunTime:0.000977s ]
INFO: [ app_begin ] --END-- [ RunTime:0.000977s ]
SQL: select * from cpxsfh_dj where  sh=0 and rq between '2019-10-15 00:00:00' and '2019-10-15 23:59:59' [ RunTime:0.0010s ]

[ 2019-10-15T13:37:51+08:00 ] 192.168.8.231 /LYSoft_rc/index.php/home/Jxc/cxcpxsfhwsh
INFO: [ app_init ] --START--
INFO: Run Behavior\BuildLiteBehavior [ RunTime:0.000000s ]
INFO: [ app_init ] --END-- [ RunTime:0.000976s ]
INFO: [ app_begin ] --START--
INFO: Run Behavior\ReadHtmlCacheBehavior [ RunTime:0.000977s ]
INFO: [ app_begin ] --END-- [ RunTime:0.000977s ]
SQL: select * from cpxsfh_dj where  sh=0 and rq between '2019-10-14 00:00:00' and '2019-10-14 23:59:59' [ RunTime:0.0020s ]

[ 2019-10-15T13:37:51+08:00 ] 192.168.8.231 /LYSoft_rc/index.php/home/Jxc/cxcpxsfhwsh
INFO: [ app_init ] --START--
INFO: Run Behavior\BuildLiteBehavior [ RunTime:0.000000s ]
INFO: [ app_init ] --END-- [ RunTime:0.000976s ]
INFO: [ app_begin ] --START--
INFO: Run Behavior\ReadHtmlCacheBehavior [ RunTime:0.000977s ]
INFO: [ app_begin ] --END-- [ RunTime:0.000977s ]
SQL: select * from cpxsfh_dj where  sh=0 and rq between '2019-10-14 00:00:00' and '2019-10-20 23:59:59' [ RunTime:0.0020s ]

[ 2019-10-15T14:24:48+08:00 ] 192.168.8.231 /LYSoft_rc/index.php/home/Jxc/cxcpxsfhwsh
INFO: [ app_init ] --START--
INFO: Run Behavior\BuildLiteBehavior [ RunTime:0.000000s ]
INFO: [ app_init ] --END-- [ RunTime:0.001953s ]
INFO: [ app_begin ] --START--
INFO: Run Behavior\ReadHtmlCacheBehavior [ RunTime:0.001953s ]
INFO: [ app_begin ] --END-- [ RunTime:0.001953s ]
SQL: select * from cpxsfh_dj where  sh=0 and rq between '2019-10-15 00:00:00' and '2019-10-15 23:59:59' [ RunTime:0.0010s ]

[ 2019-10-15T16:31:52+08:00 ] 192.168.8.231 /LYSoft_rc/index.php/home/Jxc/cxcpxsfhwsh
INFO: [ app_init ] --START--
INFO: Run Behavior\BuildLiteBehavior [ RunTime:0.000000s ]
INFO: [ app_init ] --END-- [ RunTime:0.000977s ]
INFO: [ app_begin ] --START--
INFO: Run Behavior\ReadHtmlCacheBehavior [ RunTime:0.001953s ]
INFO: [ app_begin ] --END-- [ RunTime:0.001953s ]
SQL: select * from cpxsfh_dj where  sh=0 and rq between '2018-10-15 00:00:00' and '2019-10-15 23:59:59' [ RunTime:0.0010s ]

[ 2019-10-15T16:31:54+08:00 ] 192.168.8.231 /LYSoft_rc/index.php/home/Jxc/cxcpxsfhmx
INFO: [ app_init ] --START--
INFO: Run Behavior\BuildLiteBehavior [ RunTime:0.000000s ]
INFO: [ app_init ] --END-- [ RunTime:0.000000s ]
INFO: [ app_begin ] --START--
INFO: Run Behavior\ReadHtmlCacheBehavior [ RunTime:0.000976s ]
INFO: [ app_begin ] --END-- [ RunTime:0.000976s ]
SQL: select id,gg,ysmc,pm,dw,sl,ps,yydh from cpxsfh_jl where dh='XSFH1909300011'  [ RunTime:0.0020s ]

[ 2019-10-15T16:31:56+08:00 ] 192.168.8.231 /LYSoft_rc/index.php/home/Jxc/cxyydh
INFO: [ app_init ] --START--
INFO: Run Behavior\BuildLiteBehavior [ RunTime:0.000000s ]
INFO: [ app_init ] --END-- [ RunTime:0.000977s ]
INFO: [ app_begin ] --START--
INFO: Run Behavior\ReadHtmlCacheBehavior [ RunTime:0.000977s ]
INFO: [ app_begin ] --END-- [ RunTime:0.001953s ]
SQL: select distinct dh as yydh from (select ysmc,gg,khmc,d.dh,sl,yysl from cpxsdd_dj d,cpxsdd_jl j where d.dh=j.dh and ysmc='黑色' and sl-yysl>0 ) a
left join(select khmc,ysmc,gg from cpxsdd_dj d1,cpxsdd_jl j where j.dh=d1.dh) j on j.khmc=a.khmc and j.ysmc=a.ysmc and j.gg=a.gg  where j.ysmc='黑色' and j.khmc='李白' and j.gg='120*70' [ RunTime:0.0225s ]

[ 2019-10-15T16:32:00+08:00 ] 192.168.8.231 /LYSoft_rc/index.php/home/Jxc/cxcpxsfhmx
INFO: [ app_init ] --START--
INFO: Run Behavior\BuildLiteBehavior [ RunTime:0.000000s ]
INFO: [ app_init ] --END-- [ RunTime:0.000977s ]
INFO: [ app_begin ] --START--
INFO: Run Behavior\ReadHtmlCacheBehavior [ RunTime:0.000976s ]
INFO: [ app_begin ] --END-- [ RunTime:0.000976s ]
SQL: select id,gg,ysmc,pm,dw,sl,ps,yydh from cpxsfh_jl where dh='XSFH1909300001'  [ RunTime:0.0020s ]

[ 2019-10-15T16:32:03+08:00 ] 192.168.8.231 /LYSoft_rc/index.php/home/Jxc/cxyydh
INFO: [ app_init ] --START--
INFO: Run Behavior\BuildLiteBehavior [ RunTime:0.000000s ]
INFO: [ app_init ] --END-- [ RunTime:0.000976s ]
INFO: [ app_begin ] --START--
INFO: Run Behavior\ReadHtmlCacheBehavior [ RunTime:0.000976s ]
INFO: [ app_begin ] --END-- [ RunTime:0.000976s ]
SQL: select distinct dh as yydh from (select ysmc,gg,khmc,d.dh,sl,yysl from cpxsdd_dj d,cpxsdd_jl j where d.dh=j.dh and ysmc='红色' and sl-yysl>0 ) a
left join(select khmc,ysmc,gg from cpxsdd_dj d1,cpxsdd_jl j where j.dh=d1.dh) j on j.khmc=a.khmc and j.ysmc=a.ysmc and j.gg=a.gg  where j.ysmc='红色' and j.khmc='刘帮' and j.gg='1200*1200' [ RunTime:0.0137s ]

[ 2019-10-15T16:32:07+08:00 ] 192.168.8.231 /LYSoft_rc/index.php/home/Jxc/cxcpxsfhmx
INFO: [ app_init ] --START--
INFO: Run Behavior\BuildLiteBehavior [ RunTime:0.000000s ]
INFO: [ app_init ] --END-- [ RunTime:0.000977s ]
INFO: [ app_begin ] --START--
INFO: Run Behavior\ReadHtmlCacheBehavior [ RunTime:0.000977s ]
INFO: [ app_begin ] --END-- [ RunTime:0.000977s ]
SQL: select id,gg,ysmc,pm,dw,sl,ps,yydh from cpxsfh_jl where dh='XSFH1909300024'  [ RunTime:0.0020s ]

[ 2019-10-15T16:32:08+08:00 ] 192.168.8.231 /LYSoft_rc/index.php/home/Jxc/cxyydh
INFO: [ app_init ] --START--
INFO: Run Behavior\BuildLiteBehavior [ RunTime:0.000000s ]
INFO: [ app_init ] --END-- [ RunTime:0.000977s ]
INFO: [ app_begin ] --START--
INFO: Run Behavior\ReadHtmlCacheBehavior [ RunTime:0.000977s ]
INFO: [ app_begin ] --END-- [ RunTime:0.001953s ]
SQL: select distinct dh as yydh from (select ysmc,gg,khmc,d.dh,sl,yysl from cpxsdd_dj d,cpxsdd_jl j where d.dh=j.dh and ysmc='' and sl-yysl>0 ) a
left join(select khmc,ysmc,gg from cpxsdd_dj d1,cpxsdd_jl j where j.dh=d1.dh) j on j.khmc=a.khmc and j.ysmc=a.ysmc and j.gg=a.gg  where j.ysmc='' and j.khmc='王四' and j.gg='1200*700' [ RunTime:0.0137s ]

[ 2019-10-15T16:32:12+08:00 ] 192.168.8.231 /LYSoft_rc/index.php/home/Jxc/cxcpxsfhmx
INFO: [ app_init ] --START--
INFO: Run Behavior\BuildLiteBehavior [ RunTime:0.000000s ]
INFO: [ app_init ] --END-- [ RunTime:0.000977s ]
INFO: [ app_begin ] --START--
INFO: Run Behavior\ReadHtmlCacheBehavior [ RunTime:0.000976s ]
INFO: [ app_begin ] --END-- [ RunTime:0.000976s ]
SQL: select id,gg,ysmc,pm,dw,sl,ps,yydh from cpxsfh_jl where dh='XSFH1909300028'  [ RunTime:0.0010s ]

[ 2019-10-15T16:32:14+08:00 ] 192.168.8.231 /LYSoft_rc/index.php/home/Jxc/cxyydh
INFO: [ app_init ] --START--
INFO: Run Behavior\BuildLiteBehavior [ RunTime:0.000000s ]
INFO: [ app_init ] --END-- [ RunTime:0.000976s ]
INFO: [ app_begin ] --START--
INFO: Run Behavior\ReadHtmlCacheBehavior [ RunTime:0.000976s ]
INFO: [ app_begin ] --END-- [ RunTime:0.000976s ]
SQL: select distinct dh as yydh from (select ysmc,gg,khmc,d.dh,sl,yysl from cpxsdd_dj d,cpxsdd_jl j where d.dh=j.dh and ysmc='钃濊壊' and sl-yysl>0 ) a
left join(select khmc,ysmc,gg from cpxsdd_dj d1,cpxsdd_jl j where j.dh=d1.dh) j on j.khmc=a.khmc and j.ysmc=a.ysmc and j.gg=a.gg  where j.ysmc='钃濊壊' and j.khmc='刘帮' and j.gg='1200*700' [ RunTime:0.0137s ]

[ 2019-10-15T16:32:19+08:00 ] 192.168.8.231 /LYSoft_rc/index.php/home/Jxc/cxcpxsfhmx
INFO: [ app_init ] --START--
INFO: Run Behavior\BuildLiteBehavior [ RunTime:0.000000s ]
INFO: [ app_init ] --END-- [ RunTime:0.000000s ]
INFO: [ app_begin ] --START--
INFO: Run Behavior\ReadHtmlCacheBehavior [ RunTime:0.000977s ]
INFO: [ app_begin ] --END-- [ RunTime:0.000977s ]
SQL: select id,gg,ysmc,pm,dw,sl,ps,yydh from cpxsfh_jl where dh='XSFH1909300036'  [ RunTime:0.0010s ]

[ 2019-10-15T16:32:21+08:00 ] 192.168.8.231 /LYSoft_rc/index.php/home/Jxc/cxyydh
INFO: [ app_init ] --START--
INFO: Run Behavior\BuildLiteBehavior [ RunTime:0.000000s ]
INFO: [ app_init ] --END-- [ RunTime:0.000977s ]
INFO: [ app_begin ] --START--
INFO: Run Behavior\ReadHtmlCacheBehavior [ RunTime:0.000977s ]
INFO: [ app_begin ] --END-- [ RunTime:0.000977s ]
SQL: select distinct dh as yydh from (select ysmc,gg,khmc,d.dh,sl,yysl from cpxsdd_dj d,cpxsdd_jl j where d.dh=j.dh and ysmc='蓝色' and sl-yysl>0 ) a
left join(select khmc,ysmc,gg from cpxsdd_dj d1,cpxsdd_jl j where j.dh=d1.dh) j on j.khmc=a.khmc and j.ysmc=a.ysmc and j.gg=a.gg  where j.ysmc='蓝色' and j.khmc='刘帮' and j.gg='1200*700' [ RunTime:0.0156s ]

[ 2019-10-15T16:32:24+08:00 ] 192.168.8.231 /LYSoft_rc/index.php/home/Jxc/cxcpxsfhmx
INFO: [ app_init ] --START--
INFO: Run Behavior\BuildLiteBehavior [ RunTime:0.000000s ]
INFO: [ app_init ] --END-- [ RunTime:0.000977s ]
INFO: [ app_begin ] --START--
INFO: Run Behavior\ReadHtmlCacheBehavior [ RunTime:0.001953s ]
INFO: [ app_begin ] --END-- [ RunTime:0.001953s ]
SQL: select id,gg,ysmc,pm,dw,sl,ps,yydh from cpxsfh_jl where dh='XSFH1909300042'  [ RunTime:0.0049s ]

[ 2019-10-15T16:32:32+08:00 ] 192.168.8.231 /LYSoft_rc/index.php/home/Jxc/cxcpxsfhmx
INFO: [ app_init ] --START--
INFO: Run Behavior\BuildLiteBehavior [ RunTime:0.000000s ]
INFO: [ app_init ] --END-- [ RunTime:0.000977s ]
INFO: [ app_begin ] --START--
INFO: Run Behavior\ReadHtmlCacheBehavior [ RunTime:0.000000s ]
INFO: [ app_begin ] --END-- [ RunTime:0.000000s ]
SQL: select id,gg,ysmc,pm,dw,sl,ps,yydh from cpxsfh_jl where dh='XSFH1909300010'  [ RunTime:0.0029s ]

[ 2019-10-15T16:32:36+08:00 ] 192.168.8.231 /LYSoft_rc/index.php/home/Jxc/cxyydh
INFO: [ app_init ] --START--
INFO: Run Behavior\BuildLiteBehavior [ RunTime:0.000000s ]
INFO: [ app_init ] --END-- [ RunTime:0.000976s ]
INFO: [ app_begin ] --START--
INFO: Run Behavior\ReadHtmlCacheBehavior [ RunTime:0.000976s ]
INFO: [ app_begin ] --END-- [ RunTime:0.000976s ]
SQL: select distinct dh as yydh from (select ysmc,gg,khmc,d.dh,sl,yysl from cpxsdd_dj d,cpxsdd_jl j where d.dh=j.dh and ysmc='蓝色' and sl-yysl>0 ) a
left join(select khmc,ysmc,gg from cpxsdd_dj d1,cpxsdd_jl j where j.dh=d1.dh) j on j.khmc=a.khmc and j.ysmc=a.ysmc and j.gg=a.gg  where j.ysmc='蓝色' and j.khmc='费欲亲' and j.gg='1200*700' [ RunTime:0.0137s ]

[ 2019-10-15T16:32:40+08:00 ] 192.168.8.231 /LYSoft_rc/index.php/home/Jxc/cxyydh
INFO: [ app_init ] --START--
INFO: Run Behavior\BuildLiteBehavior [ RunTime:0.000000s ]
INFO: [ app_init ] --END-- [ RunTime:0.000977s ]
INFO: [ app_begin ] --START--
INFO: Run Behavior\ReadHtmlCacheBehavior [ RunTime:0.000977s ]
INFO: [ app_begin ] --END-- [ RunTime:0.001953s ]
SQL: select distinct dh as yydh from (select ysmc,gg,khmc,d.dh,sl,yysl from cpxsdd_dj d,cpxsdd_jl j where d.dh=j.dh and ysmc='蓝色' and sl-yysl>0 ) a
left join(select khmc,ysmc,gg from cpxsdd_dj d1,cpxsdd_jl j where j.dh=d1.dh) j on j.khmc=a.khmc and j.ysmc=a.ysmc and j.gg=a.gg  where j.ysmc='蓝色' and j.khmc='费欲亲' and j.gg='1200*700' [ RunTime:0.0020s ]

[ 2019-10-15T16:43:14+08:00 ] 192.168.8.231 /LYSoft_rc/index.php/home/Jxc/cxcpxsfhwsh
INFO: [ app_init ] --START--
INFO: Run Behavior\BuildLiteBehavior [ RunTime:0.000000s ]
INFO: [ app_init ] --END-- [ RunTime:0.000000s ]
INFO: [ app_begin ] --START--
INFO: Run Behavior\ReadHtmlCacheBehavior [ RunTime:0.001953s ]
INFO: [ app_begin ] --END-- [ RunTime:0.001953s ]
SQL: select * from cpxsfh_dj where  sh=0 and rq between '2019-10-15 00:00:00' and '2019-10-15 23:59:59' [ RunTime:0.0010s ]

[ 2019-10-15T16:43:17+08:00 ] 192.168.8.231 /LYSoft_rc/index.php/home/Jxc/cxcpxsfhwsh
INFO: [ app_init ] --START--
INFO: Run Behavior\BuildLiteBehavior [ RunTime:0.000000s ]
INFO: [ app_init ] --END-- [ RunTime:0.000977s ]
INFO: [ app_begin ] --START--
INFO: Run Behavior\ReadHtmlCacheBehavior [ RunTime:0.001953s ]
INFO: [ app_begin ] --END-- [ RunTime:0.001953s ]
SQL: select * from cpxsfh_dj where  sh=0 and rq between '2018-10-15 00:00:00' and '2019-10-15 23:59:59' [ RunTime:0.0020s ]

[ 2019-10-15T16:43:19+08:00 ] 192.168.8.231 /LYSoft_rc/index.php/home/Jxc/cxcpxsfhmx
INFO: [ app_init ] --START--
INFO: Run Behavior\BuildLiteBehavior [ RunTime:0.000000s ]
INFO: [ app_init ] --END-- [ RunTime:0.000977s ]
INFO: [ app_begin ] --START--
INFO: Run Behavior\ReadHtmlCacheBehavior [ RunTime:0.000976s ]
INFO: [ app_begin ] --END-- [ RunTime:0.001953s ]
SQL: select id,gg,ysmc,pm,dw,sl,ps,yydh from cpxsfh_jl where dh='XSFH1909300011'  [ RunTime:0.0010s ]

[ 2019-10-15T16:43:24+08:00 ] 192.168.8.231 /LYSoft_rc/index.php/home/Jxc/cxcpxsfhmx
INFO: [ app_init ] --START--
INFO: Run Behavior\BuildLiteBehavior [ RunTime:0.000000s ]
INFO: [ app_init ] --END-- [ RunTime:0.000976s ]
INFO: [ app_begin ] --START--
INFO: Run Behavior\ReadHtmlCacheBehavior [ RunTime:0.000976s ]
INFO: [ app_begin ] --END-- [ RunTime:0.000976s ]
SQL: select id,gg,ysmc,pm,dw,sl,ps,yydh from cpxsfh_jl where dh='XSFH1909300008'  [ RunTime:0.0010s ]

[ 2019-10-15T16:43:28+08:00 ] 192.168.8.231 /LYSoft_rc/index.php/home/Jxc/cxcpxsfhmx
INFO: [ app_init ] --START--
INFO: Run Behavior\BuildLiteBehavior [ RunTime:0.000000s ]
INFO: [ app_init ] --END-- [ RunTime:0.000976s ]
INFO: [ app_begin ] --START--
INFO: Run Behavior\ReadHtmlCacheBehavior [ RunTime:0.001953s ]
INFO: [ app_begin ] --END-- [ RunTime:0.001953s ]
SQL: select id,gg,ysmc,pm,dw,sl,ps,yydh from cpxsfh_jl where dh='XSFH1909300023'  [ RunTime:0.0010s ]

[ 2019-10-15T16:43:33+08:00 ] 192.168.8.231 /LYSoft_rc/index.php/home/Jxc/cxcpxsfhmx
INFO: [ app_init ] --START--
INFO: Run Behavior\BuildLiteBehavior [ RunTime:0.000000s ]
INFO: [ app_init ] --END-- [ RunTime:0.000976s ]
INFO: [ app_begin ] --START--
INFO: Run Behavior\ReadHtmlCacheBehavior [ RunTime:0.000976s ]
INFO: [ app_begin ] --END-- [ RunTime:0.000976s ]
SQL: select id,gg,ysmc,pm,dw,sl,ps,yydh from cpxsfh_jl where dh='XSFH1909300024'  [ RunTime:0.0010s ]

[ 2019-10-15T16:43:37+08:00 ] 192.168.8.231 /LYSoft_rc/index.php/home/Jxc/cxcpxsfhmx
INFO: [ app_init ] --START--
INFO: Run Behavior\BuildLiteBehavior [ RunTime:0.000000s ]
INFO: [ app_init ] --END-- [ RunTime:0.000977s ]
INFO: [ app_begin ] --START--
INFO: Run Behavior\ReadHtmlCacheBehavior [ RunTime:0.000977s ]
INFO: [ app_begin ] --END-- [ RunTime:0.000977s ]
SQL: select id,gg,ysmc,pm,dw,sl,ps,yydh from cpxsfh_jl where dh='XSFH1909300030'  [ RunTime:0.0010s ]

[ 2019-10-15T16:47:26+08:00 ] 192.168.8.231 /LYSoft_rc/index.php/home/Jxc/cxcpxsfhmx
INFO: [ app_init ] --START--
INFO: Run Behavior\BuildLiteBehavior [ RunTime:0.000000s ]
INFO: [ app_init ] --END-- [ RunTime:0.000977s ]
INFO: [ app_begin ] --START--
INFO: Run Behavior\ReadHtmlCacheBehavior [ RunTime:0.001954s ]
INFO: [ app_begin ] --END-- [ RunTime:0.001954s ]
SQL: select id,gg,ysmc,pm,dw,sl,ps,yydh from cpxsfh_jl where dh='XSFH1909300028'  [ RunTime:0.0010s ]

[ 2019-10-15T16:47:40+08:00 ] 192.168.8.231 /LYSoft_rc/index.php/home/Jxc/cxtm
INFO: [ app_init ] --START--
INFO: Run Behavior\BuildLiteBehavior [ RunTime:0.000000s ]
INFO: [ app_init ] --END-- [ RunTime:0.000977s ]
INFO: [ app_begin ] --START--
INFO: Run Behavior\ReadHtmlCacheBehavior [ RunTime:0.000977s ]
INFO: [ app_begin ] --END-- [ RunTime:0.000977s ]
SQL: select * from crhtmbcp where tmbh='190930000001' [ RunTime:0.0029s ]

[ 2019-10-15T16:47:42+08:00 ] 192.168.8.231 /LYSoft_rc/index.php/home/Jxc/cxyydh
INFO: [ app_init ] --START--
INFO: Run Behavior\BuildLiteBehavior [ RunTime:0.000000s ]
INFO: [ app_init ] --END-- [ RunTime:0.000977s ]
INFO: [ app_begin ] --START--
INFO: Run Behavior\ReadHtmlCacheBehavior [ RunTime:0.000977s ]
INFO: [ app_begin ] --END-- [ RunTime:0.000977s ]
SQL: select distinct dh as yydh from (select ysmc,gg,khmc,d.dh,sl,yysl from cpxsdd_dj d,cpxsdd_jl j where d.dh=j.dh and ysmc='钃濊壊' and sl-yysl>0 ) a
left join(select khmc,ysmc,gg from cpxsdd_dj d1,cpxsdd_jl j where j.dh=d1.dh) j on j.khmc=a.khmc and j.ysmc=a.ysmc and j.gg=a.gg  where j.ysmc='钃濊壊' and j.khmc='刘帮' and j.gg='1200*700' [ RunTime:0.0020s ]

[ 2019-10-15T16:47:44+08:00 ] 192.168.8.231 /LYSoft_rc/index.php/home/Jxc/cxyydh
INFO: [ app_init ] --START--
INFO: Run Behavior\BuildLiteBehavior [ RunTime:0.000000s ]
INFO: [ app_init ] --END-- [ RunTime:0.000976s ]
INFO: [ app_begin ] --START--
INFO: Run Behavior\ReadHtmlCacheBehavior [ RunTime:0.000977s ]
INFO: [ app_begin ] --END-- [ RunTime:0.000977s ]
SQL: select distinct dh as yydh from (select ysmc,gg,khmc,d.dh,sl,yysl from cpxsdd_dj d,cpxsdd_jl j where d.dh=j.dh and ysmc='蓝色' and sl-yysl>0 ) a
left join(select khmc,ysmc,gg from cpxsdd_dj d1,cpxsdd_jl j where j.dh=d1.dh) j on j.khmc=a.khmc and j.ysmc=a.ysmc and j.gg=a.gg  where j.ysmc='蓝色' and j.khmc='刘帮' and j.gg='1200*700' [ RunTime:0.0020s ]

[ 2019-10-15T16:48:37+08:00 ] 192.168.8.231 /LYSoft_rc/index.php/home/Jxc/cxyydh
INFO: [ app_init ] --START--
INFO: Run Behavior\BuildLiteBehavior [ RunTime:0.000000s ]
INFO: [ app_init ] --END-- [ RunTime:0.000000s ]
INFO: [ app_begin ] --START--
INFO: Run Behavior\ReadHtmlCacheBehavior [ RunTime:0.000977s ]
INFO: [ app_begin ] --END-- [ RunTime:0.000977s ]
SQL: select distinct dh as yydh from (select ysmc,gg,khmc,d.dh,sl,yysl from cpxsdd_dj d,cpxsdd_jl j where d.dh=j.dh and ysmc='钃濊壊' and sl-yysl>0 ) a
left join(select khmc,ysmc,gg from cpxsdd_dj d1,cpxsdd_jl j where j.dh=d1.dh) j on j.khmc=a.khmc and j.ysmc=a.ysmc and j.gg=a.gg  where j.ysmc='钃濊壊' and j.khmc='刘帮' and j.gg='1200*700' [ RunTime:0.0020s ]

[ 2019-10-15T16:48:52+08:00 ] 192.168.8.231 /LYSoft_rc/index.php/home/Jxc/cxyydh
INFO: [ app_init ] --START--
INFO: Run Behavior\BuildLiteBehavior [ RunTime:0.000000s ]
INFO: [ app_init ] --END-- [ RunTime:0.000977s ]
INFO: [ app_begin ] --START--
INFO: Run Behavior\ReadHtmlCacheBehavior [ RunTime:0.000977s ]
INFO: [ app_begin ] --END-- [ RunTime:0.000977s ]
SQL: select distinct dh as yydh from (select ysmc,gg,khmc,d.dh,sl,yysl from cpxsdd_dj d,cpxsdd_jl j where d.dh=j.dh and ysmc='蓝色' and sl-yysl>0 ) a
left join(select khmc,ysmc,gg from cpxsdd_dj d1,cpxsdd_jl j where j.dh=d1.dh) j on j.khmc=a.khmc and j.ysmc=a.ysmc and j.gg=a.gg  where j.ysmc='蓝色' and j.khmc='刘帮' and j.gg='1200*700' [ RunTime:0.0029s ]

[ 2019-10-15T16:49:31+08:00 ] 192.168.8.231 /LYSoft_rc/index.php/home/Jxc/cxyydh
INFO: [ app_init ] --START--
INFO: Run Behavior\BuildLiteBehavior [ RunTime:0.000000s ]
INFO: [ app_init ] --END-- [ RunTime:0.000977s ]
INFO: [ app_begin ] --START--
INFO: Run Behavior\ReadHtmlCacheBehavior [ RunTime:0.000976s ]
INFO: [ app_begin ] --END-- [ RunTime:0.000976s ]
SQL: select distinct dh as yydh from (select ysmc,gg,khmc,d.dh,sl,yysl from cpxsdd_dj d,cpxsdd_jl j where d.dh=j.dh and ysmc='钃濊壊' and sl-yysl>0 ) a
left join(select khmc,ysmc,gg from cpxsdd_dj d1,cpxsdd_jl j where j.dh=d1.dh) j on j.khmc=a.khmc and j.ysmc=a.ysmc and j.gg=a.gg  where j.ysmc='钃濊壊' and j.khmc='刘帮' and j.gg='1200*700' [ RunTime:0.0020s ]

[ 2019-10-15T16:49:33+08:00 ] 192.168.8.231 /LYSoft_rc/index.php/home/Jxc/cxyydh
INFO: [ app_init ] --START--
INFO: Run Behavior\BuildLiteBehavior [ RunTime:0.000000s ]
INFO: [ app_init ] --END-- [ RunTime:0.000977s ]
INFO: [ app_begin ] --START--
INFO: Run Behavior\ReadHtmlCacheBehavior [ RunTime:0.001953s ]
INFO: [ app_begin ] --END-- [ RunTime:0.001953s ]
SQL: select distinct dh as yydh from (select ysmc,gg,khmc,d.dh,sl,yysl from cpxsdd_dj d,cpxsdd_jl j where d.dh=j.dh and ysmc='蓝色' and sl-yysl>0 ) a
left join(select khmc,ysmc,gg from cpxsdd_dj d1,cpxsdd_jl j where j.dh=d1.dh) j on j.khmc=a.khmc and j.ysmc=a.ysmc and j.gg=a.gg  where j.ysmc='蓝色' and j.khmc='刘帮' and j.gg='1200*700' [ RunTime:0.0020s ]

[ 2019-10-15T16:49:44+08:00 ] 192.168.8.231 /LYSoft_rc/index.php/home/Jxc/cxcpxsfhmx
INFO: [ app_init ] --START--
INFO: Run Behavior\BuildLiteBehavior [ RunTime:0.000977s ]
INFO: [ app_init ] --END-- [ RunTime:0.000977s ]
INFO: [ app_begin ] --START--
INFO: Run Behavior\ReadHtmlCacheBehavior [ RunTime:0.000976s ]
INFO: [ app_begin ] --END-- [ RunTime:0.000976s ]
SQL: select id,gg,ysmc,pm,dw,sl,ps,yydh from cpxsfh_jl where dh='XSFH1909300030'  [ RunTime:0.0020s ]

[ 2019-10-15T16:50:09+08:00 ] 192.168.8.231 /LYSoft_rc/index.php/home/Jxc/cxyydh
INFO: [ app_init ] --START--
INFO: Run Behavior\BuildLiteBehavior [ RunTime:0.000000s ]
INFO: [ app_init ] --END-- [ RunTime:0.000977s ]
INFO: [ app_begin ] --START--
INFO: Run Behavior\ReadHtmlCacheBehavior [ RunTime:0.000977s ]
INFO: [ app_begin ] --END-- [ RunTime:0.001954s ]
SQL: select distinct dh as yydh from (select ysmc,gg,khmc,d.dh,sl,yysl from cpxsdd_dj d,cpxsdd_jl j where d.dh=j.dh and ysmc='蓝色' and sl-yysl>0 ) a
left join(select khmc,ysmc,gg from cpxsdd_dj d1,cpxsdd_jl j where j.dh=d1.dh) j on j.khmc=a.khmc and j.ysmc=a.ysmc and j.gg=a.gg  where j.ysmc='蓝色' and j.khmc='刘二' and j.gg='1200*700' [ RunTime:0.0146s ]

[ 2019-10-15T16:50:29+08:00 ] 192.168.8.231 /LYSoft_rc/index.php/home/Jxc/cxtm
INFO: [ app_init ] --START--
INFO: Run Behavior\BuildLiteBehavior [ RunTime:0.000000s ]
INFO: [ app_init ] --END-- [ RunTime:0.000977s ]
INFO: [ app_begin ] --START--
INFO: Run Behavior\ReadHtmlCacheBehavior [ RunTime:0.000976s ]
INFO: [ app_begin ] --END-- [ RunTime:0.000976s ]
SQL: select * from crhtmbcp where tmbh='190930000001' [ RunTime:0.0029s ]

[ 2019-10-15T16:50:30+08:00 ] 192.168.8.231 /LYSoft_rc/index.php/home/Jxc/cxyydh
INFO: [ app_init ] --START--
INFO: Run Behavior\BuildLiteBehavior [ RunTime:0.000000s ]
INFO: [ app_init ] --END-- [ RunTime:0.000000s ]
INFO: [ app_begin ] --START--
INFO: Run Behavior\ReadHtmlCacheBehavior [ RunTime:0.000977s ]
INFO: [ app_begin ] --END-- [ RunTime:0.000977s ]
SQL: select distinct dh as yydh from (select ysmc,gg,khmc,d.dh,sl,yysl from cpxsdd_dj d,cpxsdd_jl j where d.dh=j.dh and ysmc='蓝色' and sl-yysl>0 ) a
left join(select khmc,ysmc,gg from cpxsdd_dj d1,cpxsdd_jl j where j.dh=d1.dh) j on j.khmc=a.khmc and j.ysmc=a.ysmc and j.gg=a.gg  where j.ysmc='蓝色' and j.khmc='刘二' and j.gg='1200*700' [ RunTime:0.0020s ]

[ 2019-10-15T16:50:36+08:00 ] 192.168.8.231 /LYSoft_rc/index.php/home/Jxc/cxyydh
INFO: [ app_init ] --START--
INFO: Run Behavior\BuildLiteBehavior [ RunTime:0.000000s ]
INFO: [ app_init ] --END-- [ RunTime:0.000976s ]
INFO: [ app_begin ] --START--
INFO: Run Behavior\ReadHtmlCacheBehavior [ RunTime:0.000977s ]
INFO: [ app_begin ] --END-- [ RunTime:0.001953s ]
SQL: select distinct dh as yydh from (select ysmc,gg,khmc,d.dh,sl,yysl from cpxsdd_dj d,cpxsdd_jl j where d.dh=j.dh and ysmc='蓝色' and sl-yysl>0 ) a
left join(select khmc,ysmc,gg from cpxsdd_dj d1,cpxsdd_jl j where j.dh=d1.dh) j on j.khmc=a.khmc and j.ysmc=a.ysmc and j.gg=a.gg  where j.ysmc='蓝色' and j.khmc='刘二' and j.gg='1200*700' [ RunTime:0.0020s ]

[ 2019-10-15T16:50:48+08:00 ] 192.168.8.231 /LYSoft_rc/index.php/home/Jxc/cxyydh
INFO: [ app_init ] --START--
INFO: Run Behavior\BuildLiteBehavior [ RunTime:0.000000s ]
INFO: [ app_init ] --END-- [ RunTime:0.000977s ]
INFO: [ app_begin ] --START--
INFO: Run Behavior\ReadHtmlCacheBehavior [ RunTime:0.001953s ]
INFO: [ app_begin ] --END-- [ RunTime:0.001953s ]
SQL: select distinct dh as yydh from (select ysmc,gg,khmc,d.dh,sl,yysl from cpxsdd_dj d,cpxsdd_jl j where d.dh=j.dh and ysmc='蓝色' and sl-yysl>0 ) a
left join(select khmc,ysmc,gg from cpxsdd_dj d1,cpxsdd_jl j where j.dh=d1.dh) j on j.khmc=a.khmc and j.ysmc=a.ysmc and j.gg=a.gg  where j.ysmc='蓝色' and j.khmc='刘二' and j.gg='1200*700' [ RunTime:0.0020s ]

[ 2019-10-15T16:50:50+08:00 ] 192.168.8.231 /LYSoft_rc/index.php/home/Jxc/cxyydh
INFO: [ app_init ] --START--
INFO: Run Behavior\BuildLiteBehavior [ RunTime:0.000000s ]
INFO: [ app_init ] --END-- [ RunTime:0.000977s ]
INFO: [ app_begin ] --START--
INFO: Run Behavior\ReadHtmlCacheBehavior [ RunTime:0.000977s ]
INFO: [ app_begin ] --END-- [ RunTime:0.000977s ]
SQL: select distinct dh as yydh from (select ysmc,gg,khmc,d.dh,sl,yysl from cpxsdd_dj d,cpxsdd_jl j where d.dh=j.dh and ysmc='蓝色' and sl-yysl>0 ) a
left join(select khmc,ysmc,gg from cpxsdd_dj d1,cpxsdd_jl j where j.dh=d1.dh) j on j.khmc=a.khmc and j.ysmc=a.ysmc and j.gg=a.gg  where j.ysmc='蓝色' and j.khmc='刘二' and j.gg='1200*700' [ RunTime:0.0020s ]

[ 2019-10-15T16:50:56+08:00 ] 192.168.8.231 /LYSoft_rc/index.php/home/Jxc/cxcpxsfhmx
INFO: [ app_init ] --START--
INFO: Run Behavior\BuildLiteBehavior [ RunTime:0.000000s ]
INFO: [ app_init ] --END-- [ RunTime:0.000976s ]
INFO: [ app_begin ] --START--
INFO: Run Behavior\ReadHtmlCacheBehavior [ RunTime:0.000976s ]
INFO: [ app_begin ] --END-- [ RunTime:0.000976s ]
SQL: select id,gg,ysmc,pm,dw,sl,ps,yydh from cpxsfh_jl where dh='XSFH1909300030'  [ RunTime:0.0020s ]

[ 2019-10-15T16:51:04+08:00 ] 192.168.8.231 /LYSoft_rc/index.php/home/Jxc/cxtm
INFO: [ app_init ] --START--
INFO: Run Behavior\BuildLiteBehavior [ RunTime:0.000000s ]
INFO: [ app_init ] --END-- [ RunTime:0.001953s ]
INFO: [ app_begin ] --START--
INFO: Run Behavior\ReadHtmlCacheBehavior [ RunTime:0.002930s ]
INFO: [ app_begin ] --END-- [ RunTime:0.002930s ]
SQL: select * from crhtmbcp where tmbh='190930000001' [ RunTime:0.0029s ]

[ 2019-10-15T16:51:06+08:00 ] 192.168.8.231 /LYSoft_rc/index.php/home/Jxc/cxyydh
INFO: [ app_init ] --START--
INFO: Run Behavior\BuildLiteBehavior [ RunTime:0.000000s ]
INFO: [ app_init ] --END-- [ RunTime:0.000977s ]
INFO: [ app_begin ] --START--
INFO: Run Behavior\ReadHtmlCacheBehavior [ RunTime:0.000976s ]
INFO: [ app_begin ] --END-- [ RunTime:0.000976s ]
SQL: select distinct dh as yydh from (select ysmc,gg,khmc,d.dh,sl,yysl from cpxsdd_dj d,cpxsdd_jl j where d.dh=j.dh and ysmc='蓝色' and sl-yysl>0 ) a
left join(select khmc,ysmc,gg from cpxsdd_dj d1,cpxsdd_jl j where j.dh=d1.dh) j on j.khmc=a.khmc and j.ysmc=a.ysmc and j.gg=a.gg  where j.ysmc='蓝色' and j.khmc='刘二' and j.gg='1200*700' [ RunTime:0.0020s ]

[ 2019-10-15T16:51:18+08:00 ] 192.168.8.231 /LYSoft_rc/index.php/home/Jxc/cxyydh
INFO: [ app_init ] --START--
INFO: Run Behavior\BuildLiteBehavior [ RunTime:0.000000s ]
INFO: [ app_init ] --END-- [ RunTime:0.000000s ]
INFO: [ app_begin ] --START--
INFO: Run Behavior\ReadHtmlCacheBehavior [ RunTime:0.001953s ]
INFO: [ app_begin ] --END-- [ RunTime:0.001953s ]
SQL: select distinct dh as yydh from (select ysmc,gg,khmc,d.dh,sl,yysl from cpxsdd_dj d,cpxsdd_jl j where d.dh=j.dh and ysmc='蓝色' and sl-yysl>0 ) a
left join(select khmc,ysmc,gg from cpxsdd_dj d1,cpxsdd_jl j where j.dh=d1.dh) j on j.khmc=a.khmc and j.ysmc=a.ysmc and j.gg=a.gg  where j.ysmc='蓝色' and j.khmc='刘二' and j.gg='1200*700' [ RunTime:0.0020s ]

[ 2019-10-15T16:51:20+08:00 ] 192.168.8.231 /LYSoft_rc/index.php/home/Jxc/cxcpxsfhwsh
INFO: [ app_init ] --START--
INFO: Run Behavior\BuildLiteBehavior [ RunTime:0.000000s ]
INFO: [ app_init ] --END-- [ RunTime:0.000976s ]
INFO: [ app_begin ] --START--
INFO: Run Behavior\ReadHtmlCacheBehavior [ RunTime:0.000976s ]
INFO: [ app_begin ] --END-- [ RunTime:0.000976s ]
SQL: select * from cpxsfh_dj where  sh=0 and rq between '2019-10-15 00:00:00' and '2019-10-15 23:59:59' [ RunTime:0.0020s ]

[ 2019-10-15T16:58:21+08:00 ] 192.168.8.231 /LYSoft_rc/index.php/home/Jxc/cxcpxsfhwsh
INFO: [ app_init ] --START--
INFO: Run Behavior\BuildLiteBehavior [ RunTime:0.000000s ]
INFO: [ app_init ] --END-- [ RunTime:0.000977s ]
INFO: [ app_begin ] --START--
INFO: Run Behavior\ReadHtmlCacheBehavior [ RunTime:0.000977s ]
INFO: [ app_begin ] --END-- [ RunTime:0.000977s ]
SQL: select * from cpxsfh_dj where  sh=0 and rq between '2018-10-15 00:00:00' and '2019-10-15 23:59:59' [ RunTime:0.0010s ]

[ 2019-10-15T16:58:25+08:00 ] 192.168.8.231 /LYSoft_rc/index.php/home/Jxc/cxcpxsfhmx
INFO: [ app_init ] --START--
INFO: Run Behavior\BuildLiteBehavior [ RunTime:0.000000s ]
INFO: [ app_init ] --END-- [ RunTime:0.000977s ]
INFO: [ app_begin ] --START--
INFO: Run Behavior\ReadHtmlCacheBehavior [ RunTime:0.000976s ]
INFO: [ app_begin ] --END-- [ RunTime:0.000976s ]
SQL: select id,gg,ysmc,pm,dw,sl,ps,yydh from cpxsfh_jl where dh='XSFH1909300030'  [ RunTime:0.0020s ]

[ 2019-10-15T16:58:33+08:00 ] 192.168.8.231 /LYSoft_rc/index.php/home/Jxc/cxtm
INFO: [ app_init ] --START--
INFO: Run Behavior\BuildLiteBehavior [ RunTime:0.000000s ]
INFO: [ app_init ] --END-- [ RunTime:0.000976s ]
INFO: [ app_begin ] --START--
INFO: Run Behavior\ReadHtmlCacheBehavior [ RunTime:0.000976s ]
INFO: [ app_begin ] --END-- [ RunTime:0.000976s ]
SQL: select * from crhtmbcp where tmbh='190930000001' [ RunTime:0.0029s ]

[ 2019-10-15T16:58:34+08:00 ] 192.168.8.231 /LYSoft_rc/index.php/home/Jxc/cxyydh
INFO: [ app_init ] --START--
INFO: Run Behavior\BuildLiteBehavior [ RunTime:0.000000s ]
INFO: [ app_init ] --END-- [ RunTime:0.000977s ]
INFO: [ app_begin ] --START--
INFO: Run Behavior\ReadHtmlCacheBehavior [ RunTime:0.000977s ]
INFO: [ app_begin ] --END-- [ RunTime:0.000977s ]
SQL: select distinct dh as yydh from (select ysmc,gg,khmc,d.dh,sl,yysl from cpxsdd_dj d,cpxsdd_jl j where d.dh=j.dh and ysmc='蓝色' and sl-yysl>0 ) a
left join(select khmc,ysmc,gg from cpxsdd_dj d1,cpxsdd_jl j where j.dh=d1.dh) j on j.khmc=a.khmc and j.ysmc=a.ysmc and j.gg=a.gg  where j.ysmc='蓝色' and j.khmc='刘二' and j.gg='1200*700' [ RunTime:0.0020s ]

[ 2019-10-15T16:58:49+08:00 ] 192.168.8.231 /LYSoft_rc/index.php/home/Jxc/cxcpxsfhmx
INFO: [ app_init ] --START--
INFO: Run Behavior\BuildLiteBehavior [ RunTime:0.000000s ]
INFO: [ app_init ] --END-- [ RunTime:0.000977s ]
INFO: [ app_begin ] --START--
INFO: Run Behavior\ReadHtmlCacheBehavior [ RunTime:0.000977s ]
INFO: [ app_begin ] --END-- [ RunTime:0.000977s ]
SQL: select id,gg,ysmc,pm,dw,sl,ps,yydh from cpxsfh_jl where dh='XSFH1909300029'  [ RunTime:0.0020s ]

[ 2019-10-15T16:58:54+08:00 ] 192.168.8.231 /LYSoft_rc/index.php/home/Jxc/cxcpxsfhmx
INFO: [ app_init ] --START--
INFO: Run Behavior\BuildLiteBehavior [ RunTime:0.000000s ]
INFO: [ app_init ] --END-- [ RunTime:0.000000s ]
INFO: [ app_begin ] --START--
INFO: Run Behavior\ReadHtmlCacheBehavior [ RunTime:0.000977s ]
INFO: [ app_begin ] --END-- [ RunTime:0.000977s ]
SQL: select id,gg,ysmc,pm,dw,sl,ps,yydh from cpxsfh_jl where dh='XSFH1909300030'  [ RunTime:0.0020s ]

[ 2019-10-15T16:59:06+08:00 ] 192.168.8.231 /LYSoft_rc/index.php/home/Jxc/cxtm
INFO: [ app_init ] --START--
INFO: Run Behavior\BuildLiteBehavior [ RunTime:0.000000s ]
INFO: [ app_init ] --END-- [ RunTime:0.000977s ]
INFO: [ app_begin ] --START--
INFO: Run Behavior\ReadHtmlCacheBehavior [ RunTime:0.000977s ]
INFO: [ app_begin ] --END-- [ RunTime:0.000977s ]
SQL: select * from crhtmbcp where tmbh='190930000001' [ RunTime:0.0020s ]

[ 2019-10-15T16:59:18+08:00 ] 192.168.8.231 /LYSoft_rc/index.php/home/Jxc/cxtm
INFO: [ app_init ] --START--
INFO: Run Behavior\BuildLiteBehavior [ RunTime:0.000000s ]
INFO: [ app_init ] --END-- [ RunTime:0.000977s ]
INFO: [ app_begin ] --START--
INFO: Run Behavior\ReadHtmlCacheBehavior [ RunTime:0.000977s ]
INFO: [ app_begin ] --END-- [ RunTime:0.000977s ]
SQL: select * from crhtmbcp where tmbh='190930000002' [ RunTime:0.0039s ]

[ 2019-10-15T16:59:19+08:00 ] 192.168.8.231 /LYSoft_rc/index.php/home/Jxc/cxyydh
INFO: [ app_init ] --START--
INFO: Run Behavior\BuildLiteBehavior [ RunTime:0.000000s ]
INFO: [ app_init ] --END-- [ RunTime:0.000976s ]
INFO: [ app_begin ] --START--
INFO: Run Behavior\ReadHtmlCacheBehavior [ RunTime:0.000977s ]
INFO: [ app_begin ] --END-- [ RunTime:0.000977s ]
SQL: select distinct dh as yydh from (select ysmc,gg,khmc,d.dh,sl,yysl from cpxsdd_dj d,cpxsdd_jl j where d.dh=j.dh and ysmc='蓝色' and sl-yysl>0 ) a
left join(select khmc,ysmc,gg from cpxsdd_dj d1,cpxsdd_jl j where j.dh=d1.dh) j on j.khmc=a.khmc and j.ysmc=a.ysmc and j.gg=a.gg  where j.ysmc='蓝色' and j.khmc='刘二' and j.gg='1200*700' [ RunTime:0.0029s ]

[ 2019-10-15T16:59:22+08:00 ] 192.168.8.231 /LYSoft_rc/index.php/home/Jxc/cxyydh
INFO: [ app_init ] --START--
INFO: Run Behavior\BuildLiteBehavior [ RunTime:0.000000s ]
INFO: [ app_init ] --END-- [ RunTime:0.000977s ]
INFO: [ app_begin ] --START--
INFO: Run Behavior\ReadHtmlCacheBehavior [ RunTime:0.000977s ]
INFO: [ app_begin ] --END-- [ RunTime:0.001954s ]
SQL: select distinct dh as yydh from (select ysmc,gg,khmc,d.dh,sl,yysl from cpxsdd_dj d,cpxsdd_jl j where d.dh=j.dh and ysmc='蓝色' and sl-yysl>0 ) a
left join(select khmc,ysmc,gg from cpxsdd_dj d1,cpxsdd_jl j where j.dh=d1.dh) j on j.khmc=a.khmc and j.ysmc=a.ysmc and j.gg=a.gg  where j.ysmc='蓝色' and j.khmc='刘二' and j.gg='1200*700' [ RunTime:0.0020s ]

[ 2019-10-15T17:00:25+08:00 ] 192.168.8.231 /LYSoft_rc/index.php/home/Jxc/cxyydh
INFO: [ app_init ] --START--
INFO: Run Behavior\BuildLiteBehavior [ RunTime:0.000000s ]
INFO: [ app_init ] --END-- [ RunTime:0.000976s ]
INFO: [ app_begin ] --START--
INFO: Run Behavior\ReadHtmlCacheBehavior [ RunTime:0.000976s ]
INFO: [ app_begin ] --END-- [ RunTime:0.000976s ]
SQL: select distinct dh as yydh from (select ysmc,gg,khmc,d.dh,sl,yysl from cpxsdd_dj d,cpxsdd_jl j where d.dh=j.dh and ysmc='蓝色' and sl-yysl>0 ) a
left join(select khmc,ysmc,gg from cpxsdd_dj d1,cpxsdd_jl j where j.dh=d1.dh) j on j.khmc=a.khmc and j.ysmc=a.ysmc and j.gg=a.gg  where j.ysmc='蓝色' and j.khmc='刘二' and j.gg='1200*700' [ RunTime:0.0010s ]

[ 2019-10-15T17:00:29+08:00 ] 192.168.8.231 /LYSoft_rc/index.php/home/Jxc/cxyydh
INFO: [ app_init ] --START--
INFO: Run Behavior\BuildLiteBehavior [ RunTime:0.000000s ]
INFO: [ app_init ] --END-- [ RunTime:0.000976s ]
INFO: [ app_begin ] --START--
INFO: Run Behavior\ReadHtmlCacheBehavior [ RunTime:0.000976s ]
INFO: [ app_begin ] --END-- [ RunTime:0.000976s ]
SQL: select distinct dh as yydh from (select ysmc,gg,khmc,d.dh,sl,yysl from cpxsdd_dj d,cpxsdd_jl j where d.dh=j.dh and ysmc='蓝色' and sl-yysl>0 ) a
left join(select khmc,ysmc,gg from cpxsdd_dj d1,cpxsdd_jl j where j.dh=d1.dh) j on j.khmc=a.khmc and j.ysmc=a.ysmc and j.gg=a.gg  where j.ysmc='蓝色' and j.khmc='刘二' and j.gg='1200*700' [ RunTime:0.0010s ]

[ 2019-10-15T17:00:38+08:00 ] 192.168.8.231 /LYSoft_rc/index.php/home/Jxc/cxyydh
INFO: [ app_init ] --START--
INFO: Run Behavior\BuildLiteBehavior [ RunTime:0.000000s ]
INFO: [ app_init ] --END-- [ RunTime:0.000977s ]
INFO: [ app_begin ] --START--
INFO: Run Behavior\ReadHtmlCacheBehavior [ RunTime:0.000977s ]
INFO: [ app_begin ] --END-- [ RunTime:0.000977s ]
SQL: select distinct dh as yydh from (select ysmc,gg,khmc,d.dh,sl,yysl from cpxsdd_dj d,cpxsdd_jl j where d.dh=j.dh and ysmc='蓝色' and sl-yysl>0 ) a
left join(select khmc,ysmc,gg from cpxsdd_dj d1,cpxsdd_jl j where j.dh=d1.dh) j on j.khmc=a.khmc and j.ysmc=a.ysmc and j.gg=a.gg  where j.ysmc='蓝色' and j.khmc='刘二' and j.gg='1200*700' [ RunTime:0.0020s ]

[ 2019-10-15T17:00:41+08:00 ] 192.168.8.231 /LYSoft_rc/index.php/home/Jxc/cxyydh
INFO: [ app_init ] --START--
INFO: Run Behavior\BuildLiteBehavior [ RunTime:0.000976s ]
INFO: [ app_init ] --END-- [ RunTime:0.000976s ]
INFO: [ app_begin ] --START--
INFO: Run Behavior\ReadHtmlCacheBehavior [ RunTime:0.000977s ]
INFO: [ app_begin ] --END-- [ RunTime:0.000977s ]
SQL: select distinct dh as yydh from (select ysmc,gg,khmc,d.dh,sl,yysl from cpxsdd_dj d,cpxsdd_jl j where d.dh=j.dh and ysmc='蓝色' and sl-yysl>0 ) a
left join(select khmc,ysmc,gg from cpxsdd_dj d1,cpxsdd_jl j where j.dh=d1.dh) j on j.khmc=a.khmc and j.ysmc=a.ysmc and j.gg=a.gg  where j.ysmc='蓝色' and j.khmc='刘二' and j.gg='1200*700' [ RunTime:0.0020s ]

[ 2019-10-15T17:00:43+08:00 ] 192.168.8.231 /LYSoft_rc/index.php/home/Jxc/cxyydh
INFO: [ app_init ] --START--
INFO: Run Behavior\BuildLiteBehavior [ RunTime:0.000000s ]
INFO: [ app_init ] --END-- [ RunTime:0.000977s ]
INFO: [ app_begin ] --START--
INFO: Run Behavior\ReadHtmlCacheBehavior [ RunTime:0.001953s ]
INFO: [ app_begin ] --END-- [ RunTime:0.001953s ]
SQL: select distinct dh as yydh from (select ysmc,gg,khmc,d.dh,sl,yysl from cpxsdd_dj d,cpxsdd_jl j where d.dh=j.dh and ysmc='蓝色' and sl-yysl>0 ) a
left join(select khmc,ysmc,gg from cpxsdd_dj d1,cpxsdd_jl j where j.dh=d1.dh) j on j.khmc=a.khmc and j.ysmc=a.ysmc and j.gg=a.gg  where j.ysmc='蓝色' and j.khmc='刘二' and j.gg='1200*700' [ RunTime:0.0010s ]

[ 2019-10-15T17:02:10+08:00 ] 192.168.8.231 /LYSoft_rc/index.php/home/Jxc/cxcpxsfhwsh
INFO: [ app_init ] --START--
INFO: Run Behavior\BuildLiteBehavior [ RunTime:0.000000s ]
INFO: [ app_init ] --END-- [ RunTime:0.000977s ]
INFO: [ app_begin ] --START--
INFO: Run Behavior\ReadHtmlCacheBehavior [ RunTime:0.000977s ]
INFO: [ app_begin ] --END-- [ RunTime:0.000977s ]
SQL: select * from cpxsfh_dj where  sh=0 and rq between '2019-10-15 00:00:00' and '2019-10-15 23:59:59' [ RunTime:0.0000s ]

[ 2019-10-15T17:02:16+08:00 ] 192.168.8.231 /LYSoft_rc/index.php/home/Jxc/cxcpxsfhwsh
INFO: [ app_init ] --START--
INFO: Run Behavior\BuildLiteBehavior [ RunTime:0.000000s ]
INFO: [ app_init ] --END-- [ RunTime:0.001953s ]
INFO: [ app_begin ] --START--
INFO: Run Behavior\ReadHtmlCacheBehavior [ RunTime:0.000977s ]
INFO: [ app_begin ] --END-- [ RunTime:0.001953s ]
SQL: select * from cpxsfh_dj where  sh=0 and rq between '2019-10-15 00:00:00' and '2019-10-15 23:59:59' [ RunTime:0.0010s ]

